Using pre-set license
Built from '2022.3/staging' branch; Version is '2022.3.19f1 (244b723c30a6) revision 2378610'; Using compiler version '192829333'; Build Type 'Release'
OS: 'Windows 10  (10.0.19045) 64bit Professional' Language: 'en' Physical Memory: 5996 MB
BatchMode: 1, IsHumanControllingUs: 0, StartBugReporterOnCrash: 0, Is64bit: 1, IsPro: 1

COMMAND LINE ARGUMENTS:
C:\Program Files\Unity\Hub\Editor\2022.3.19f1\Editor\Unity.exe
-adb2
-batchMode
-noUpm
-name
AssetImportWorker2
-projectPath
C:/Users/Edas/Desktop/IT/Unity/Gearshift Labs
-logFile
Logs/AssetImportWorker2.log
-srvPort
60085
Successfully changed project path to: C:/Users/Edas/Desktop/IT/Unity/Gearshift Labs
C:/Users/Edas/Desktop/IT/Unity/Gearshift Labs
[UnityMemory] Configuration Parameters - Can be set up in boot.config
    "memorysetup-bucket-allocator-granularity=16"
    "memorysetup-bucket-allocator-bucket-count=8"
    "memorysetup-bucket-allocator-block-size=33554432"
    "memorysetup-bucket-allocator-block-count=8"
    "memorysetup-main-allocator-block-size=16777216"
    "memorysetup-thread-allocator-block-size=16777216"
    "memorysetup-gfx-main-allocator-block-size=16777216"
    "memorysetup-gfx-thread-allocator-block-size=16777216"
    "memorysetup-cache-allocator-block-size=4194304"
    "memorysetup-typetree-allocator-block-size=2097152"
    "memorysetup-profiler-bucket-allocator-granularity=16"
    "memorysetup-profiler-bucket-allocator-bucket-count=8"
    "memorysetup-profiler-bucket-allocator-block-size=33554432"
    "memorysetup-profiler-bucket-allocator-block-count=8"
    "memorysetup-profiler-allocator-block-size=16777216"
    "memorysetup-profiler-editor-allocator-block-size=1048576"
    "memorysetup-temp-allocator-size-main=16777216"
    "memorysetup-job-temp-allocator-block-size=2097152"
    "memorysetup-job-temp-allocator-block-size-background=1048576"
    "memorysetup-job-temp-allocator-reduction-small-platforms=262144"
    "memorysetup-allocator-temp-initial-block-size-main=262144"
    "memorysetup-allocator-temp-initial-block-size-worker=262144"
    "memorysetup-temp-allocator-size-background-worker=32768"
    "memorysetup-temp-allocator-size-job-worker=262144"
    "memorysetup-temp-allocator-size-preload-manager=33554432"
    "memorysetup-temp-allocator-size-nav-mesh-worker=65536"
    "memorysetup-temp-allocator-size-audio-worker=65536"
    "memorysetup-temp-allocator-size-cloud-worker=32768"
    "memorysetup-temp-allocator-size-gi-baking-worker=262144"
    "memorysetup-temp-allocator-size-gfx=262144"
Player connection [9484] Host "[IP] 10.151.23.218 [Port] 0 [Flags] 2 [Guid] 700053439 [EditorId] 700053439 [Version] 1048832 [Id] WindowsEditor(7,DESKTOP-T779U55) [Debug] 1 [PackageName] WindowsEditor [ProjectName] Editor" joined multi-casting on [225.0.0.222:54997]...

Player connection [9484] Host "[IP] 10.151.23.218 [Port] 0 [Flags] 2 [Guid] 700053439 [EditorId] 700053439 [Version] 1048832 [Id] WindowsEditor(7,DESKTOP-T779U55) [Debug] 1 [PackageName] WindowsEditor [ProjectName] Editor" joined alternative multi-casting on [225.0.0.222:34997]...

[Physics::Module] Initialized MultithreadedJobDispatcher with 11 workers.
Refreshing native plugins compatible for Editor in 56.14 ms, found 3 plugins.
Preloading 0 native plugins for Editor in 0.00 ms.
Initialize engine version: 2022.3.19f1 (244b723c30a6)
[Subsystems] Discovering subsystems at path C:/Program Files/Unity/Hub/Editor/2022.3.19f1/Editor/Data/Resources/UnitySubsystems
[Subsystems] Discovering subsystems at path C:/Users/Edas/Desktop/IT/Unity/Gearshift Labs/Assets
GfxDevice: creating device client; threaded=0; jobified=0
Direct3D:
    Version:  Direct3D 11.0 [level 11.1]
    Renderer: NVIDIA GeForce GTX 1650 (ID=0x1f9d)
    Vendor:   NVIDIA
    VRAM:     3952 MB
    Driver:   31.0.15.3197
Initialize mono
Mono path[0] = 'C:/Program Files/Unity/Hub/Editor/2022.3.19f1/Editor/Data/Managed'
Mono path[1] = 'C:/Program Files/Unity/Hub/Editor/2022.3.19f1/Editor/Data/MonoBleedingEdge/lib/mono/unityjit-win32'
Mono config path = 'C:/Program Files/Unity/Hub/Editor/2022.3.19f1/Editor/Data/MonoBleedingEdge/etc'
Using monoOptions --debugger-agent=transport=dt_socket,embedding=1,server=y,suspend=n,address=127.0.0.1:56376
Begin MonoManager ReloadAssembly
Registering precompiled unity dll's ...
Register platform support module: C:/Program Files/Unity/Hub/Editor/2022.3.19f1/Editor/Data/PlaybackEngines/WindowsStandaloneSupport/UnityEditor.WindowsStandalone.Extensions.dll
Registered in 0.015288 seconds.
- Loaded All Assemblies, in  0.871 seconds
Native extension for WindowsStandalone target not found
Mono: successfully reloaded assembly
- Finished resetting the current domain, in  0.525 seconds
Domain Reload Profiling: 1395ms
	BeginReloadAssembly (397ms)
		ExecutionOrderSort (0ms)
		DisableScriptedObjects (0ms)
		BackupInstance (0ms)
		ReleaseScriptingObjects (0ms)
		CreateAndSetChildDomain (3ms)
	RebuildCommonClasses (67ms)
	RebuildNativeTypeToScriptingClass (12ms)
	initialDomainReloadingComplete (118ms)
	LoadAllAssembliesAndSetupDomain (275ms)
		LoadAssemblies (389ms)
		RebuildTransferFunctionScriptingTraits (0ms)
		AnalyzeDomain (269ms)
			TypeCache.Refresh (266ms)
				TypeCache.ScanAssembly (237ms)
			ScanForSourceGeneratedMonoScriptInfo (1ms)
			ResolveRequiredComponents (1ms)
	FinalizeReload (526ms)
		ReleaseScriptCaches (0ms)
		RebuildScriptCaches (0ms)
		SetupLoadedEditorAssemblies (410ms)
			LogAssemblyErrors (0ms)
			InitializePlatformSupportModulesInManaged (20ms)
			SetLoadedEditorAssemblies (19ms)
			RefreshPlugins (0ms)
			BeforeProcessingInitializeOnLoad (6ms)
			ProcessInitializeOnLoadAttributes (281ms)
			ProcessInitializeOnLoadMethodAttributes (83ms)
			AfterProcessingInitializeOnLoad (0ms)
			EditorAssembliesLoaded (0ms)
		ExecutionOrderSort2 (0ms)
		AwakeInstancesAfterBackupRestoration (0ms)
========================================================================
Worker process is ready to serve import requests
Begin MonoManager ReloadAssembly
- Loaded All Assemblies, in  1.611 seconds
Refreshing native plugins compatible for Editor in 11.47 ms, found 3 plugins.
Native extension for WindowsStandalone target not found
Package Manager log level set to [2]
[Package Manager] Server::EnsureServerProcessIsRunning -- launch failed, reason: Unity was launched with the -noUpm command-line argument
[Package Manager] UpmClient::Send -- Unable to send message (not connected to UPM process).
[Package Manager] Cannot connect to Unity Package Manager local server
Mono: successfully reloaded assembly
- Finished resetting the current domain, in  1.100 seconds
Domain Reload Profiling: 2709ms
	BeginReloadAssembly (302ms)
		ExecutionOrderSort (0ms)
		DisableScriptedObjects (8ms)
		BackupInstance (0ms)
		ReleaseScriptingObjects (0ms)
		CreateAndSetChildDomain (55ms)
	RebuildCommonClasses (51ms)
	RebuildNativeTypeToScriptingClass (12ms)
	initialDomainReloadingComplete (66ms)
	LoadAllAssembliesAndSetupDomain (1176ms)
		LoadAssemblies (911ms)
		RebuildTransferFunctionScriptingTraits (0ms)
		AnalyzeDomain (444ms)
			TypeCache.Refresh (396ms)
				TypeCache.ScanAssembly (342ms)
			ScanForSourceGeneratedMonoScriptInfo (38ms)
			ResolveRequiredComponents (7ms)
	FinalizeReload (1102ms)
		ReleaseScriptCaches (0ms)
		RebuildScriptCaches (0ms)
		SetupLoadedEditorAssemblies (784ms)
			LogAssemblyErrors (0ms)
			InitializePlatformSupportModulesInManaged (13ms)
			SetLoadedEditorAssemblies (8ms)
			RefreshPlugins (0ms)
			BeforeProcessingInitializeOnLoad (106ms)
			ProcessInitializeOnLoadAttributes (604ms)
			ProcessInitializeOnLoadMethodAttributes (38ms)
			AfterProcessingInitializeOnLoad (13ms)
			EditorAssembliesLoaded (1ms)
		ExecutionOrderSort2 (0ms)
		AwakeInstancesAfterBackupRestoration (14ms)
Launched and connected shader compiler UnityShaderCompiler.exe after 0.08 seconds
Refreshing native plugins compatible for Editor in 4.83 ms, found 3 plugins.
Preloading 0 native plugins for Editor in 0.00 ms.
Unloading 3264 Unused Serialized files (Serialized files now loaded: 0)
Unloading 45 unused Assets / (130.8 KB). Loaded Objects now: 3740.
Memory consumption went from 141.1 MB to 141.0 MB.
Total: 6.808400 ms (FindLiveObjects: 0.315700 ms CreateObjectMapping: 0.200100 ms MarkObjects: 5.711600 ms  DeleteObjects: 0.579900 ms)

AssetImportParameters requested are different than current active one (requested -> active):
  custom:container-demuxer-ogg: 62fdf1f143b41e24485cea50d1cbac27 -> 
  custom:video-decoder-ogg-theora: a1e56fd34408186e4bbccfd4996cb3dc -> 
  custom:framework-win-MediaFoundation: 216162199b28c13a410421893ffa2e32 -> 
  custom:CustomObjectIndexerAttribute: 6d391050e5a25f67b0a2c618074f2cd9 -> 
  custom:container-demuxer-webm: 4f35f7cbe854078d1ac9338744f61a02 -> 
  custom:container-muxer-webm: aa71ff27fc2769a1b78a27578f13a17b -> 
  custom:video-decoder-webm-vp8: 9c59270c3fd7afecdb556c50c9e8de78 -> 
  custom:SearchIndexIgnoredProperties: e643bd26f0fe6173181afceb89e7c659 -> 
  custom:AudioImporter_EditorPlatform: d09bf68614088b80899f8185d706f6e7 -> 
  custom:video-encoder-webm-vp8: eb34c28f22e8b96e1ab97ce403110664 -> 
  custom:audio-decoder-ogg-vorbis: bf7c407c2cedff20999df2af8eb42d56 -> 
  custom:audio-encoder-webm-vorbis: bf7c407c2cedff20999df2af8eb42d56 -> 
========================================================================
Received Import Request.
  Time since last request: 11329.751321 seconds.
  path: Assets/CartoonTracksPack1/Track1/Textures/baloon.psd
  artifactKey: Guid(b673e026df069984799124e3e95d4899) Importer(815301076,1909f56bfc062723c751e8b465ee728b)
Start importing Assets/CartoonTracksPack1/Track1/Textures/baloon.psd using Guid(b673e026df069984799124e3e95d4899) Importer(815301076,1909f56bfc062723c751e8b465ee728b)  -> (artifact id: '5d0c16026ac51159a4583be065dbcea0') in 0.221761 seconds
Number of updated asset objects reloaded before import = 0
Number of asset objects unloaded after import = 2
========================================================================
Received Import Request.
  Time since last request: 0.000053 seconds.
  path: Assets/E30/textures/BMW_E30_M3_LENS_COLOR.png
  artifactKey: Guid(4c803072da406a64d8650e1002aa4af0) Importer(815301076,1909f56bfc062723c751e8b465ee728b)
Start importing Assets/E30/textures/BMW_E30_M3_LENS_COLOR.png using Guid(4c803072da406a64d8650e1002aa4af0) Importer(815301076,1909f56bfc062723c751e8b465ee728b)  -> (artifact id: '0758eb24a3633f37401e968ea1538bdb') in 0.043215 seconds
Number of updated asset objects reloaded before import = 0
Number of asset objects unloaded after import = 2
========================================================================
Received Import Request.
  Time since last request: 0.000045 seconds.
  path: Assets/CartoonTracksPack1/Track1/Textures/barriers_normal.psd
  artifactKey: Guid(6f1f2bcf32adb6d45b7496cacc78a4e1) Importer(815301076,1909f56bfc062723c751e8b465ee728b)
Start importing Assets/CartoonTracksPack1/Track1/Textures/barriers_normal.psd using Guid(6f1f2bcf32adb6d45b7496cacc78a4e1) Importer(815301076,1909f56bfc062723c751e8b465ee728b)  -> (artifact id: '3fa5f15553bb2fa7fa96af2b51cf765f') in 0.086582 seconds
Number of updated asset objects reloaded before import = 0
Number of asset objects unloaded after import = 2
========================================================================
Received Import Request.
  Time since last request: 0.000048 seconds.
  path: Assets/CartoonTracksPack1/Track1/Textures/barriers.psd
  artifactKey: Guid(14f6f75987d2d2a48b03ff5199ae9fda) Importer(815301076,1909f56bfc062723c751e8b465ee728b)
Start importing Assets/CartoonTracksPack1/Track1/Textures/barriers.psd using Guid(14f6f75987d2d2a48b03ff5199ae9fda) Importer(815301076,1909f56bfc062723c751e8b465ee728b)  -> (artifact id: '4f86542976ac6692b6f1d35824a85f15') in 0.044170 seconds
Number of updated asset objects reloaded before import = 0
Number of asset objects unloaded after import = 2
========================================================================
Received Import Request.
  Time since last request: 0.000035 seconds.
  path: Assets/E30/textures/BMW_E30_M3_LENS_NORMAL.png
  artifactKey: Guid(9c6e41398328a354caf291d2594305de) Importer(815301076,1909f56bfc062723c751e8b465ee728b)
Start importing Assets/E30/textures/BMW_E30_M3_LENS_NORMAL.png using Guid(9c6e41398328a354caf291d2594305de) Importer(815301076,1909f56bfc062723c751e8b465ee728b)  -> (artifact id: '0ec47e469a5b1ba1968470d1d8d5d7c4') in 0.031576 seconds
Number of updated asset objects reloaded before import = 0
Number of asset objects unloaded after import = 2
========================================================================
Received Import Request.
  Time since last request: 1.035585 seconds.
  path: Assets/E30/textures/BMW_E30_M3_PAINT_ambient_occlusion.png
  artifactKey: Guid(92740a338d84619489ac582b38b38307) Importer(815301076,1909f56bfc062723c751e8b465ee728b)
Start importing Assets/E30/textures/BMW_E30_M3_PAINT_ambient_occlusion.png using Guid(92740a338d84619489ac582b38b38307) Importer(815301076,1909f56bfc062723c751e8b465ee728b)  -> (artifact id: 'a9ed90188903b0ecde0e17bd938e3be5') in 0.062645 seconds
Number of updated asset objects reloaded before import = 0
Number of asset objects unloaded after import = 2
========================================================================
Received Import Request.
  Time since last request: 2.644341 seconds.
  path: Assets/E30/textures/BMW_E30_M3_RIM_Metallic.png
  artifactKey: Guid(8d0df04f6ff5f6842baacdb3a4002b1f) Importer(815301076,1909f56bfc062723c751e8b465ee728b)
Start importing Assets/E30/textures/BMW_E30_M3_RIM_Metallic.png using Guid(8d0df04f6ff5f6842baacdb3a4002b1f) Importer(815301076,1909f56bfc062723c751e8b465ee728b)  -> (artifact id: 'ec61ab3549ebcb4fd59c220cd4917864') in 0.034424 seconds
Number of updated asset objects reloaded before import = 0
Number of asset objects unloaded after import = 2
========================================================================
Received Import Request.
  Time since last request: 0.364221 seconds.
  path: Assets/E30/textures/BMW_E30_M3_RIM_Normal_OpenGL.png
  artifactKey: Guid(422ef0ee48adbac4591fbbcf5a9e1091) Importer(815301076,1909f56bfc062723c751e8b465ee728b)
Start importing Assets/E30/textures/BMW_E30_M3_RIM_Normal_OpenGL.png using Guid(422ef0ee48adbac4591fbbcf5a9e1091) Importer(815301076,1909f56bfc062723c751e8b465ee728b)  -> (artifact id: '941c78a7b4d73f724002f7541a808cb1') in 0.060938 seconds
Number of updated asset objects reloaded before import = 0
Number of asset objects unloaded after import = 2
========================================================================
Received Import Request.
  Time since last request: 0.000065 seconds.
  path: Assets/E30/textures/BMW_E30_M3_TAILLIGHT_REFLECTOR_EMISSION_BR.png
  artifactKey: Guid(64beb155885b550459795030bbf1443b) Importer(815301076,1909f56bfc062723c751e8b465ee728b)
Start importing Assets/E30/textures/BMW_E30_M3_TAILLIGHT_REFLECTOR_EMISSION_BR.png using Guid(64beb155885b550459795030bbf1443b) Importer(815301076,1909f56bfc062723c751e8b465ee728b)  -> (artifact id: 'e2613851b05d92226a695c8b67ced743') in 0.038080 seconds
Number of updated asset objects reloaded before import = 0
Number of asset objects unloaded after import = 2
========================================================================
Received Import Request.
  Time since last request: 0.011668 seconds.
  path: Assets/E30/textures/BMW_E30_M3_TIRE_Mixed_AO.png
  artifactKey: Guid(716c354579742f945baf2a8ea6a62dcd) Importer(815301076,1909f56bfc062723c751e8b465ee728b)
Start importing Assets/E30/textures/BMW_E30_M3_TIRE_Mixed_AO.png using Guid(716c354579742f945baf2a8ea6a62dcd) Importer(815301076,1909f56bfc062723c751e8b465ee728b)  -> (artifact id: '8a04e001030f9c5a7fac3bd79dd75d20') in 0.043983 seconds
Number of updated asset objects reloaded before import = 0
Number of asset objects unloaded after import = 2
========================================================================
Received Import Request.
  Time since last request: 0.429722 seconds.
  path: Assets/E30/textures/BMW_E30_M3_TIRE_Roughness.png
  artifactKey: Guid(34d5e93d73a5d004cacd01f2ea68043c) Importer(815301076,1909f56bfc062723c751e8b465ee728b)
Start importing Assets/E30/textures/BMW_E30_M3_TIRE_Roughness.png using Guid(34d5e93d73a5d004cacd01f2ea68043c) Importer(815301076,1909f56bfc062723c751e8b465ee728b)  -> (artifact id: '75a522ad8b0df2f8c94bfe1b0179d3c9') in 0.038953 seconds
Number of updated asset objects reloaded before import = 0
Number of asset objects unloaded after import = 2
========================================================================
Received Import Request.
  Time since last request: 0.000056 seconds.
  path: Assets/E30/textures/Brake_Disc_Mixed_AO.png
  artifactKey: Guid(954f7c0580c53fc48bc447176db65e6b) Importer(815301076,1909f56bfc062723c751e8b465ee728b)
Start importing Assets/E30/textures/Brake_Disc_Mixed_AO.png using Guid(954f7c0580c53fc48bc447176db65e6b) Importer(815301076,1909f56bfc062723c751e8b465ee728b)  -> (artifact id: '0e25f0ff7f4a53cee012482b55e18109') in 0.032076 seconds
Number of updated asset objects reloaded before import = 0
Number of asset objects unloaded after import = 2
========================================================================
Received Import Request.
  Time since last request: 0.025830 seconds.
  path: Assets/E30/textures/Brake_Disc_Normal_OpenGL.png
  artifactKey: Guid(7c80f1794b210284bb409cebb2645b84) Importer(815301076,1909f56bfc062723c751e8b465ee728b)
Start importing Assets/E30/textures/Brake_Disc_Normal_OpenGL.png using Guid(7c80f1794b210284bb409cebb2645b84) Importer(815301076,1909f56bfc062723c751e8b465ee728b)  -> (artifact id: 'ffccef342554120f571b3eb064be0d49') in 0.040130 seconds
Number of updated asset objects reloaded before import = 0
Number of asset objects unloaded after import = 2
========================================================================
Received Import Request.
  Time since last request: 0.016702 seconds.
  path: Assets/E30/textures/Caliper_Bake_Base_color_Red.png
  artifactKey: Guid(11fb74477cd80ea4b8abed8fc86327a0) Importer(815301076,1909f56bfc062723c751e8b465ee728b)
Start importing Assets/E30/textures/Caliper_Bake_Base_color_Red.png using Guid(11fb74477cd80ea4b8abed8fc86327a0) Importer(815301076,1909f56bfc062723c751e8b465ee728b)  -> (artifact id: 'a80134aebbad9e0b5ca42f26880d10ab') in 0.037437 seconds
Number of updated asset objects reloaded before import = 0
Number of asset objects unloaded after import = 2
========================================================================
Received Import Request.
  Time since last request: 0.270294 seconds.
  path: Assets/E30/textures/Caliper_Bake_Mixed_AO.png
  artifactKey: Guid(e7a5aadf17f068646b90601cc2149767) Importer(815301076,1909f56bfc062723c751e8b465ee728b)
Start importing Assets/E30/textures/Caliper_Bake_Mixed_AO.png using Guid(e7a5aadf17f068646b90601cc2149767) Importer(815301076,1909f56bfc062723c751e8b465ee728b)  -> (artifact id: 'fd6dda1c36cf726f4881c26b2801abfd') in 0.029599 seconds
Number of updated asset objects reloaded before import = 0
Number of asset objects unloaded after import = 2
========================================================================
Received Import Request.
  Time since last request: 0.064552 seconds.
  path: Assets/E30/textures/Caliper_Bake_Roughness.png
  artifactKey: Guid(81cb0052a48665740a2ac4861315716d) Importer(815301076,1909f56bfc062723c751e8b465ee728b)
Start importing Assets/E30/textures/Caliper_Bake_Roughness.png using Guid(81cb0052a48665740a2ac4861315716d) Importer(815301076,1909f56bfc062723c751e8b465ee728b)  -> (artifact id: '6979d6316fac0401c728cef23f6db1c5') in 0.032527 seconds
Number of updated asset objects reloaded before import = 0
Number of asset objects unloaded after import = 2
========================================================================
Received Import Request.
  Time since last request: 0.000043 seconds.
  path: Assets/TextMesh Pro/Fonts/LiberationSans.ttf
  artifactKey: Guid(e3265ab4bf004d28a9537516768c1c75) Importer(815301076,1909f56bfc062723c751e8b465ee728b)
Start importing Assets/TextMesh Pro/Fonts/LiberationSans.ttf using Guid(e3265ab4bf004d28a9537516768c1c75) Importer(815301076,1909f56bfc062723c751e8b465ee728b)  -> (artifact id: '8756f7c291147a75e95d0f4a0d9e7e56') in 0.212465 seconds
Number of updated asset objects reloaded before import = 0
Number of asset objects unloaded after import = 4
========================================================================
Received Import Request.
  Time since last request: 0.106535 seconds.
  path: Assets/CartoonTracksPack1/Track1/Textures/garages_specular.psd
  artifactKey: Guid(8b66c629a162b2a47ad4cb64253665f9) Importer(815301076,1909f56bfc062723c751e8b465ee728b)
Start importing Assets/CartoonTracksPack1/Track1/Textures/garages_specular.psd using Guid(8b66c629a162b2a47ad4cb64253665f9) Importer(815301076,1909f56bfc062723c751e8b465ee728b)  -> (artifact id: '46a451f412e0b6b7601ede9f14bd9ab3') in 0.361996 seconds
Number of updated asset objects reloaded before import = 0
Number of asset objects unloaded after import = 2
========================================================================
Received Import Request.
  Time since last request: 0.000089 seconds.
  path: Assets/TextMesh Pro/Resources/Fonts & Materials/LiberationSans SDF.asset
  artifactKey: Guid(8f586378b4e144a9851e7b34d9b748ee) Importer(815301076,1909f56bfc062723c751e8b465ee728b)
Start importing Assets/TextMesh Pro/Resources/Fonts & Materials/LiberationSans SDF.asset using Guid(8f586378b4e144a9851e7b34d9b748ee) Importer(815301076,1909f56bfc062723c751e8b465ee728b)  -> (artifact id: '158c74877b23d92477440b019e4d61b1') in 0.087582 seconds
Number of updated asset objects reloaded before import = 0
Number of asset objects unloaded after import = 9
========================================================================
Received Import Request.
  Time since last request: 0.048285 seconds.
  path: Assets/CartoonTracksPack1/Track1/Textures/metal_fence.psd
  artifactKey: Guid(aa8d667836d07af4395a226ace329e1d) Importer(815301076,1909f56bfc062723c751e8b465ee728b)
Start importing Assets/CartoonTracksPack1/Track1/Textures/metal_fence.psd using Guid(aa8d667836d07af4395a226ace329e1d) Importer(815301076,1909f56bfc062723c751e8b465ee728b)  -> (artifact id: '0be363258a307a46803224d57242b9ba') in 0.054657 seconds
Number of updated asset objects reloaded before import = 0
Number of asset objects unloaded after import = 2
========================================================================
Received Import Request.
  Time since last request: 0.000051 seconds.
  path: Assets/CartoonTracksPack1/Track1/Textures/road_normal.png
  artifactKey: Guid(0f084c45490ec5a4f98bbff289fbd47e) Importer(815301076,1909f56bfc062723c751e8b465ee728b)
Start importing Assets/CartoonTracksPack1/Track1/Textures/road_normal.png using Guid(0f084c45490ec5a4f98bbff289fbd47e) Importer(815301076,1909f56bfc062723c751e8b465ee728b)  -> (artifact id: '2f1906acf5d1a4095270aa58ccdffae3') in 1.300422 seconds
Number of updated asset objects reloaded before import = 0
Number of asset objects unloaded after import = 2
========================================================================
Received Import Request.
  Time since last request: 0.000055 seconds.
  path: Assets/CartoonTracksPack1/Track1/Textures/trees.psd
  artifactKey: Guid(5ded63cbb5b7e4c4ea965828fae5ba0d) Importer(815301076,1909f56bfc062723c751e8b465ee728b)
Start importing Assets/CartoonTracksPack1/Track1/Textures/trees.psd using Guid(5ded63cbb5b7e4c4ea965828fae5ba0d) Importer(815301076,1909f56bfc062723c751e8b465ee728b)  -> (artifact id: '0be72b9d1ec864bec23da1a94504c72c') in 0.067758 seconds
Number of updated asset objects reloaded before import = 0
Number of asset objects unloaded after import = 2
========================================================================
Received Import Request.
  Time since last request: 0.000060 seconds.
  path: Assets/CartoonTracksPack1/Track1/Textures/tyres.psd
  artifactKey: Guid(85654affde0f756419319669bb58f2b4) Importer(815301076,1909f56bfc062723c751e8b465ee728b)
Start importing Assets/CartoonTracksPack1/Track1/Textures/tyres.psd using Guid(85654affde0f756419319669bb58f2b4) Importer(815301076,1909f56bfc062723c751e8b465ee728b)  -> (artifact id: '6e81f7140dcbd76382e2425b27598ef9') in 0.052595 seconds
Number of updated asset objects reloaded before import = 0
Number of asset objects unloaded after import = 2
========================================================================
Received Import Request.
  Time since last request: 0.000056 seconds.
  path: Assets/CartoonTracksPack1/Track1/Textures/rock.psd
  artifactKey: Guid(83409b5a6eb867e4fb5f01f8af827481) Importer(815301076,1909f56bfc062723c751e8b465ee728b)
Start importing Assets/CartoonTracksPack1/Track1/Textures/rock.psd using Guid(83409b5a6eb867e4fb5f01f8af827481) Importer(815301076,1909f56bfc062723c751e8b465ee728b)  -> (artifact id: '26b3f18ad86b2327dba276d8ff7dd191') in 0.046238 seconds
Number of updated asset objects reloaded before import = 0
Number of asset objects unloaded after import = 2
========================================================================
Received Import Request.
  Time since last request: 0.000034 seconds.
  path: Assets/CartoonTracksPack1/Track1/Textures/tyres_normal.psd
  artifactKey: Guid(48688eced57e012499ce9c923f907c44) Importer(815301076,1909f56bfc062723c751e8b465ee728b)
Start importing Assets/CartoonTracksPack1/Track1/Textures/tyres_normal.psd using Guid(48688eced57e012499ce9c923f907c44) Importer(815301076,1909f56bfc062723c751e8b465ee728b)  -> (artifact id: '7dc17aff7f6ae30f44bcae45ec9f9269') in 0.047674 seconds
Number of updated asset objects reloaded before import = 0
Number of asset objects unloaded after import = 2
Editor requested this worker to shutdown with reason: Scaling down because of idle timeout
TcpMessagingSession - receive error: operation aborted. errorcode: 995, details: The I/O operation has been aborted because of either a thread exit or an application request.
AssetImportWorker is now disconnected from the server
Process exiting
Exiting without the bug reporter. Application will terminate with return code 0